<?xml version="1.0" encoding="UTF-8"?>
<coverage generated="1773836948953" clover="3.2.0">
  <project timestamp="1773836948953" name="All files">
    <metrics statements="86" coveredstatements="86" conditionals="53" coveredconditionals="53" methods="33" coveredmethods="33" elements="172" coveredelements="172" complexity="0" loc="86" ncloc="86" packages="10" files="20" classes="20"/>
    <package name="assets">
      <metrics statements="0" coveredstatements="0" conditionals="0" coveredconditionals="0" methods="0" coveredmethods="0"/>
      <file name="navicon.svg" path="C:\Users\fire1\OneDrive\Skrivbord\JSutv\Kurser\CI_CD_Deployment\Strajk-Bowling\src\assets\navicon.svg">
        <metrics statements="0" coveredstatements="0" conditionals="0" coveredconditionals="0" methods="0" coveredmethods="0"/>
      </file>
      <file name="strajk-logo.svg" path="C:\Users\fire1\OneDrive\Skrivbord\JSutv\Kurser\CI_CD_Deployment\Strajk-Bowling\src\assets\strajk-logo.svg">
        <metrics statements="0" coveredstatements="0" conditionals="0" coveredconditionals="0" methods="0" coveredmethods="0"/>
      </file>
    </package>
    <package name="components.bookingInfo">
      <metrics statements="1" coveredstatements="1" conditionals="0" coveredconditionals="0" methods="1" coveredmethods="1"/>
      <file name="BookingInfo.scss" path="C:\Users\fire1\OneDrive\Skrivbord\JSutv\Kurser\CI_CD_Deployment\Strajk-Bowling\src\components\bookingInfo\BookingInfo.scss">
        <metrics statements="0" coveredstatements="0" conditionals="0" coveredconditionals="0" methods="0" coveredmethods="0"/>
      </file>
      <file name="BookingInfo.tsx" path="C:\Users\fire1\OneDrive\Skrivbord\JSutv\Kurser\CI_CD_Deployment\Strajk-Bowling\src\components\bookingInfo\BookingInfo.tsx">
        <metrics statements="1" coveredstatements="1" conditionals="0" coveredconditionals="0" methods="1" coveredmethods="1"/>
        <line num="9" count="69" type="stmt"/>
      </file>
    </package>
    <package name="components.error">
      <metrics statements="1" coveredstatements="1" conditionals="0" coveredconditionals="0" methods="1" coveredmethods="1"/>
      <file name="ErrorMessage.scss" path="C:\Users\fire1\OneDrive\Skrivbord\JSutv\Kurser\CI_CD_Deployment\Strajk-Bowling\src\components\error\ErrorMessage.scss">
        <metrics statements="0" coveredstatements="0" conditionals="0" coveredconditionals="0" methods="0" coveredmethods="0"/>
      </file>
      <file name="ErrorMessage.tsx" path="C:\Users\fire1\OneDrive\Skrivbord\JSutv\Kurser\CI_CD_Deployment\Strajk-Bowling\src\components\error\ErrorMessage.tsx">
        <metrics statements="1" coveredstatements="1" conditionals="0" coveredconditionals="0" methods="1" coveredmethods="1"/>
        <line num="8" count="8" type="stmt"/>
      </file>
    </package>
    <package name="components.input">
      <metrics statements="2" coveredstatements="2" conditionals="4" coveredconditionals="4" methods="1" coveredmethods="1"/>
      <file name="Input.scss" path="C:\Users\fire1\OneDrive\Skrivbord\JSutv\Kurser\CI_CD_Deployment\Strajk-Bowling\src\components\input\Input.scss">
        <metrics statements="0" coveredstatements="0" conditionals="0" coveredconditionals="0" methods="0" coveredmethods="0"/>
      </file>
      <file name="Input.tsx" path="C:\Users\fire1\OneDrive\Skrivbord\JSutv\Kurser\CI_CD_Deployment\Strajk-Bowling\src\components\input\Input.tsx">
        <metrics statements="2" coveredstatements="2" conditionals="4" coveredconditionals="4" methods="1" coveredmethods="1"/>
        <line num="25" count="374" type="stmt"/>
        <line num="27" count="374" type="stmt"/>
      </file>
    </package>
    <package name="components.navigation">
      <metrics statements="6" coveredstatements="6" conditionals="6" coveredconditionals="6" methods="4" coveredmethods="4"/>
      <file name="Navigation.scss" path="C:\Users\fire1\OneDrive\Skrivbord\JSutv\Kurser\CI_CD_Deployment\Strajk-Bowling\src\components\navigation\Navigation.scss">
        <metrics statements="0" coveredstatements="0" conditionals="0" coveredconditionals="0" methods="0" coveredmethods="0"/>
      </file>
      <file name="Navigation.tsx" path="C:\Users\fire1\OneDrive\Skrivbord\JSutv\Kurser\CI_CD_Deployment\Strajk-Bowling\src\components\navigation\Navigation.tsx">
        <metrics statements="6" coveredstatements="6" conditionals="6" coveredconditionals="6" methods="4" coveredmethods="4"/>
        <line num="7" count="85" type="stmt"/>
        <line num="8" count="85" type="stmt"/>
        <line num="10" count="85" type="stmt"/>
        <line num="16" count="2" type="stmt"/>
        <line num="21" count="1" type="stmt"/>
        <line num="28" count="1" type="stmt"/>
      </file>
    </package>
    <package name="components.shoes">
      <metrics statements="4" coveredstatements="4" conditionals="0" coveredconditionals="0" methods="4" coveredmethods="4"/>
      <file name="Shoes.scss" path="C:\Users\fire1\OneDrive\Skrivbord\JSutv\Kurser\CI_CD_Deployment\Strajk-Bowling\src\components\shoes\Shoes.scss">
        <metrics statements="0" coveredstatements="0" conditionals="0" coveredconditionals="0" methods="0" coveredmethods="0"/>
      </file>
      <file name="Shoes.tsx" path="C:\Users\fire1\OneDrive\Skrivbord\JSutv\Kurser\CI_CD_Deployment\Strajk-Bowling\src\components\shoes\Shoes.tsx">
        <metrics statements="4" coveredstatements="4" conditionals="0" coveredconditionals="0" methods="4" coveredmethods="4"/>
        <line num="18" count="69" type="stmt"/>
        <line num="24" count="62" type="stmt"/>
        <line num="36" count="1" type="stmt"/>
        <line num="45" count="12" type="stmt"/>
      </file>
    </package>
    <package name="components.top">
      <metrics statements="1" coveredstatements="1" conditionals="0" coveredconditionals="0" methods="1" coveredmethods="1"/>
      <file name="Top.scss" path="C:\Users\fire1\OneDrive\Skrivbord\JSutv\Kurser\CI_CD_Deployment\Strajk-Bowling\src\components\top\Top.scss">
        <metrics statements="0" coveredstatements="0" conditionals="0" coveredconditionals="0" methods="0" coveredmethods="0"/>
      </file>
      <file name="Top.tsx" path="C:\Users\fire1\OneDrive\Skrivbord\JSutv\Kurser\CI_CD_Deployment\Strajk-Bowling\src\components\top\Top.tsx">
        <metrics statements="1" coveredstatements="1" conditionals="0" coveredconditionals="0" methods="1" coveredmethods="1"/>
        <line num="9" count="82" type="stmt"/>
      </file>
    </package>
    <package name="mocks">
      <metrics statements="3" coveredstatements="3" conditionals="0" coveredconditionals="0" methods="1" coveredmethods="1"/>
      <file name="handler.ts" path="C:\Users\fire1\OneDrive\Skrivbord\JSutv\Kurser\CI_CD_Deployment\Strajk-Bowling\src\mocks\handler.ts">
        <metrics statements="2" coveredstatements="2" conditionals="0" coveredconditionals="0" methods="1" coveredmethods="1"/>
        <line num="3" count="3" type="stmt"/>
        <line num="5" count="1" type="stmt"/>
      </file>
      <file name="server.ts" path="C:\Users\fire1\OneDrive\Skrivbord\JSutv\Kurser\CI_CD_Deployment\Strajk-Bowling\src\mocks\server.ts">
        <metrics statements="1" coveredstatements="1" conditionals="0" coveredconditionals="0" methods="0" coveredmethods="0"/>
        <line num="4" count="3" type="stmt"/>
      </file>
    </package>
    <package name="views.booking">
      <metrics statements="51" coveredstatements="51" conditionals="28" coveredconditionals="28" methods="15" coveredmethods="15"/>
      <file name="Booking.scss" path="C:\Users\fire1\OneDrive\Skrivbord\JSutv\Kurser\CI_CD_Deployment\Strajk-Bowling\src\views\booking\Booking.scss">
        <metrics statements="0" coveredstatements="0" conditionals="0" coveredconditionals="0" methods="0" coveredmethods="0"/>
      </file>
      <file name="Booking.tsx" path="C:\Users\fire1\OneDrive\Skrivbord\JSutv\Kurser\CI_CD_Deployment\Strajk-Bowling\src\views\booking\Booking.tsx">
        <metrics statements="51" coveredstatements="51" conditionals="28" coveredconditionals="28" methods="15" coveredmethods="15"/>
        <line num="31" count="70" type="stmt"/>
        <line num="37" count="70" type="stmt"/>
        <line num="38" count="70" type="stmt"/>
        <line num="39" count="70" type="stmt"/>
        <line num="42" count="28" type="stmt"/>
        <line num="43" count="28" type="stmt"/>
        <line num="45" count="28" type="stmt"/>
        <line num="52" count="11" type="stmt"/>
        <line num="53" count="11" type="stmt"/>
        <line num="55" count="11" type="cond" truecount="2" falsecount="0"/>
        <line num="56" count="10" type="stmt"/>
        <line num="57" count="10" type="stmt"/>
        <line num="58" count="30" type="cond" truecount="2" falsecount="0"/>
        <line num="65" count="12" type="stmt"/>
        <line num="66" count="12" type="stmt"/>
        <line num="70" count="1" type="stmt"/>
        <line num="71" count="1" type="stmt"/>
        <line num="75" count="9" type="cond" truecount="2" falsecount="0"/>
        <line num="79" count="4" type="stmt"/>
        <line num="80" count="4" type="stmt"/>
        <line num="81" count="4" type="stmt"/>
        <line num="85" count="2" type="stmt"/>
        <line num="96" count="2" type="cond" truecount="2" falsecount="0"/>
        <line num="97" count="1" type="stmt"/>
        <line num="100" count="1" type="stmt"/>
        <line num="104" count="9" type="stmt"/>
        <line num="106" count="9" type="stmt"/>
        <line num="107" count="9" type="stmt"/>
        <line num="109" count="9" type="stmt"/>
        <line num="111" count="9" type="cond" truecount="2" falsecount="0"/>
        <line num="112" count="1" type="stmt"/>
        <line num="115" count="9" type="cond" truecount="6" falsecount="0"/>
        <line num="116" count="2" type="stmt"/>
        <line num="117" count="7" type="cond" truecount="2" falsecount="0"/>
        <line num="118" count="2" type="stmt"/>
        <line num="119" count="5" type="cond" truecount="2" falsecount="0"/>
        <line num="120" count="1" type="stmt"/>
        <line num="121" count="4" type="cond" truecount="2" falsecount="0"/>
        <line num="122" count="1" type="stmt"/>
        <line num="125" count="9" type="cond" truecount="2" falsecount="0"/>
        <line num="126" count="7" type="stmt"/>
        <line num="127" count="7" type="stmt"/>
        <line num="130" count="2" type="stmt"/>
        <line num="134" count="2" type="stmt"/>
        <line num="137" count="2" type="stmt"/>
        <line num="138" count="2" type="stmt"/>
        <line num="140" count="1" type="cond" truecount="2" falsecount="0"/>
        <line num="142" count="9" type="stmt"/>
        <line num="144" count="9" type="stmt"/>
        <line num="148" count="1" type="stmt"/>
        <line num="152" count="70" type="stmt"/>
      </file>
    </package>
    <package name="views.confirmation">
      <metrics statements="17" coveredstatements="17" conditionals="15" coveredconditionals="15" methods="5" coveredmethods="5"/>
      <file name="Confirmation.scss" path="C:\Users\fire1\OneDrive\Skrivbord\JSutv\Kurser\CI_CD_Deployment\Strajk-Bowling\src\views\confirmation\Confirmation.scss">
        <metrics statements="0" coveredstatements="0" conditionals="0" coveredconditionals="0" methods="0" coveredmethods="0"/>
      </file>
      <file name="Confirmation.tsx" path="C:\Users\fire1\OneDrive\Skrivbord\JSutv\Kurser\CI_CD_Deployment\Strajk-Bowling\src\views\confirmation\Confirmation.tsx">
        <metrics statements="17" coveredstatements="17" conditionals="15" coveredconditionals="15" methods="5" coveredmethods="5"/>
        <line num="22" count="13" type="stmt"/>
        <line num="23" count="13" type="stmt"/>
        <line num="24" count="13" type="stmt"/>
        <line num="26" count="13" type="stmt"/>
        <line num="28" count="13" type="stmt"/>
        <line num="29" count="13" type="cond" truecount="4" falsecount="0"/>
        <line num="30" count="10" type="stmt"/>
        <line num="31" count="10" type="stmt"/>
        <line num="33" count="1" type="stmt"/>
        <line num="37" count="13" type="cond" truecount="2" falsecount="0"/>
        <line num="39" count="13" type="stmt"/>
        <line num="41" count="13" type="cond" truecount="5" falsecount="0"/>
        <line num="42" count="4" type="stmt"/>
        <line num="48" count="1" type="stmt"/>
        <line num="54" count="9" type="stmt"/>
        <line num="59" count="1" type="stmt"/>
        <line num="105" count="2" type="stmt"/>
      </file>
    </package>
  </project>
</coverage>
