{"C:\\Users\\fire1\\OneDrive\\Skrivbord\\JSutv\\Kurser\\CI_CD_Deployment\\Strajk-Bowling\\src\\assets\\navicon.svg": {"path":"C:\\Users\\fire1\\OneDrive\\Skrivbord\\JSutv\\Kurser\\CI_CD_Deployment\\Strajk-Bowling\\src\\assets\\navicon.svg","statementMap":{},"fnMap":{},"branchMap":{},"s":{},"f":{},"b":{},"meta":{"lastBranch":0,"lastFunction":0,"lastStatement":0,"seen":{}}}
,"C:\\Users\\fire1\\OneDrive\\Skrivbord\\JSutv\\Kurser\\CI_CD_Deployment\\Strajk-Bowling\\src\\assets\\strajk-logo.svg": {"path":"C:\\Users\\fire1\\OneDrive\\Skrivbord\\JSutv\\Kurser\\CI_CD_Deployment\\Strajk-Bowling\\src\\assets\\strajk-logo.svg","statementMap":{},"fnMap":{},"branchMap":{},"s":{},"f":{},"b":{},"meta":{"lastBranch":0,"lastFunction":0,"lastStatement":0,"seen":{}}}
,"C:\\Users\\fire1\\OneDrive\\Skrivbord\\JSutv\\Kurser\\CI_CD_Deployment\\Strajk-Bowling\\src\\components\\bookingInfo\\BookingInfo.scss": {"path":"C:\\Users\\fire1\\OneDrive\\Skrivbord\\JSutv\\Kurser\\CI_CD_Deployment\\Strajk-Bowling\\src\\components\\bookingInfo\\BookingInfo.scss","statementMap":{},"fnMap":{},"branchMap":{},"s":{},"f":{},"b":{},"meta":{"lastBranch":0,"lastFunction":0,"lastStatement":0,"seen":{}}}
,"C:\\Users\\fire1\\OneDrive\\Skrivbord\\JSutv\\Kurser\\CI_CD_Deployment\\Strajk-Bowling\\src\\components\\bookingInfo\\BookingInfo.tsx": {"path":"C:\\Users\\fire1\\OneDrive\\Skrivbord\\JSutv\\Kurser\\CI_CD_Deployment\\Strajk-Bowling\\src\\components\\bookingInfo\\BookingInfo.tsx","statementMap":{"0":{"start":{"line":9,"column":4},"end":{"line":45,"column":null}}},"fnMap":{"0":{"name":"BookingInfo","decl":{"start":{"line":8,"column":9},"end":{"line":8,"column":21}},"loc":{"start":{"line":8,"column":65},"end":{"line":45,"column":null}},"line":8}},"branchMap":{},"s":{"0":12},"f":{"0":12},"b":{},"meta":{"lastBranch":0,"lastFunction":1,"lastStatement":1,"seen":{"f:8:9:8:21":0,"s:9:4:45:Infinity":0}}}
,"C:\\Users\\fire1\\OneDrive\\Skrivbord\\JSutv\\Kurser\\CI_CD_Deployment\\Strajk-Bowling\\src\\components\\error\\ErrorMessage.scss": {"path":"C:\\Users\\fire1\\OneDrive\\Skrivbord\\JSutv\\Kurser\\CI_CD_Deployment\\Strajk-Bowling\\src\\components\\error\\ErrorMessage.scss","statementMap":{},"fnMap":{},"branchMap":{},"s":{},"f":{},"b":{},"meta":{"lastBranch":0,"lastFunction":0,"lastStatement":0,"seen":{}}}
,"C:\\Users\\fire1\\OneDrive\\Skrivbord\\JSutv\\Kurser\\CI_CD_Deployment\\Strajk-Bowling\\src\\components\\error\\ErrorMessage.tsx": {"path":"C:\\Users\\fire1\\OneDrive\\Skrivbord\\JSutv\\Kurser\\CI_CD_Deployment\\Strajk-Bowling\\src\\components\\error\\ErrorMessage.tsx","statementMap":{"0":{"start":{"line":8,"column":4},"end":{"line":11,"column":null}}},"fnMap":{"0":{"name":"ErrorMessage","decl":{"start":{"line":7,"column":9},"end":{"line":7,"column":22}},"loc":{"start":{"line":7,"column":54},"end":{"line":11,"column":null}},"line":7}},"branchMap":{},"s":{"0":1},"f":{"0":1},"b":{},"meta":{"lastBranch":0,"lastFunction":1,"lastStatement":1,"seen":{"f:7:9:7:22":0,"s:8:4:11:Infinity":0}}}
,"C:\\Users\\fire1\\OneDrive\\Skrivbord\\JSutv\\Kurser\\CI_CD_Deployment\\Strajk-Bowling\\src\\components\\input\\Input.scss": {"path":"C:\\Users\\fire1\\OneDrive\\Skrivbord\\JSutv\\Kurser\\CI_CD_Deployment\\Strajk-Bowling\\src\\components\\input\\Input.scss","statementMap":{},"fnMap":{},"branchMap":{},"s":{},"f":{},"b":{},"meta":{"lastBranch":0,"lastFunction":0,"lastStatement":0,"seen":{}}}
,"C:\\Users\\fire1\\OneDrive\\Skrivbord\\JSutv\\Kurser\\CI_CD_Deployment\\Strajk-Bowling\\src\\components\\input\\Input.tsx": {"path":"C:\\Users\\fire1\\OneDrive\\Skrivbord\\JSutv\\Kurser\\CI_CD_Deployment\\Strajk-Bowling\\src\\components\\input\\Input.tsx","statementMap":{"0":{"start":{"line":24,"column":20},"end":{"line":24,"column":null}},"1":{"start":{"line":26,"column":4},"end":{"line":40,"column":null}}},"fnMap":{"0":{"name":"Input","decl":{"start":{"line":14,"column":9},"end":{"line":14,"column":15}},"loc":{"start":{"line":23,"column":15},"end":{"line":40,"column":null}},"line":23}},"branchMap":{"0":{"loc":{"start":{"line":34,"column":43},"end":{"line":34,"column":null}},"type":"cond-expr","locations":[{"start":{"line":34,"column":57},"end":{"line":34,"column":71}},{"start":{"line":34,"column":71},"end":{"line":34,"column":null}}],"line":34},"1":{"loc":{"start":{"line":37,"column":30},"end":{"line":37,"column":null}},"type":"cond-expr","locations":[{"start":{"line":37,"column":45},"end":{"line":37,"column":60}},{"start":{"line":37,"column":60},"end":{"line":37,"column":null}}],"line":37}},"s":{"0":50,"1":50},"f":{"0":50},"b":{"0":[38,12],"1":[0,50]},"meta":{"lastBranch":2,"lastFunction":1,"lastStatement":2,"seen":{"f:14:9:14:15":0,"s:24:20:24:Infinity":0,"s:26:4:40:Infinity":1,"b:34:57:34:71:34:71:34:Infinity":0,"b:37:45:37:60:37:60:37:Infinity":1}}}
,"C:\\Users\\fire1\\OneDrive\\Skrivbord\\JSutv\\Kurser\\CI_CD_Deployment\\Strajk-Bowling\\src\\components\\navigation\\Navigation.scss": {"path":"C:\\Users\\fire1\\OneDrive\\Skrivbord\\JSutv\\Kurser\\CI_CD_Deployment\\Strajk-Bowling\\src\\components\\navigation\\Navigation.scss","statementMap":{},"fnMap":{},"branchMap":{},"s":{},"f":{},"b":{},"meta":{"lastBranch":0,"lastFunction":0,"lastStatement":0,"seen":{}}}
,"C:\\Users\\fire1\\OneDrive\\Skrivbord\\JSutv\\Kurser\\CI_CD_Deployment\\Strajk-Bowling\\src\\components\\navigation\\Navigation.tsx": {"path":"C:\\Users\\fire1\\OneDrive\\Skrivbord\\JSutv\\Kurser\\CI_CD_Deployment\\Strajk-Bowling\\src\\components\\navigation\\Navigation.tsx","statementMap":{"0":{"start":{"line":7,"column":10},"end":{"line":7,"column":34}},"1":{"start":{"line":8,"column":21},"end":{"line":8,"column":60}},"2":{"start":{"line":10,"column":4},"end":{"line":31,"column":null}},"3":{"start":{"line":16,"column":31},"end":{"line":16,"column":null}},"4":{"start":{"line":21,"column":34},"end":{"line":21,"column":54}},"5":{"start":{"line":21,"column":54},"end":{"line":21,"column":null}},"6":{"start":{"line":28,"column":34},"end":{"line":28,"column":54}},"7":{"start":{"line":28,"column":54},"end":{"line":28,"column":null}}},"fnMap":{"0":{"name":"Navigation","decl":{"start":{"line":6,"column":9},"end":{"line":6,"column":22}},"loc":{"start":{"line":6,"column":22},"end":{"line":31,"column":null}},"line":6},"1":{"name":"(anonymous_1)","decl":{"start":{"line":16,"column":16},"end":{"line":16,"column":31}},"loc":{"start":{"line":16,"column":31},"end":{"line":16,"column":null}},"line":16},"2":{"name":"(anonymous_2)","decl":{"start":{"line":21,"column":16},"end":{"line":21,"column":26}},"loc":{"start":{"line":21,"column":32},"end":{"line":21,"column":null}},"line":21},"3":{"name":"(anonymous_3)","decl":{"start":{"line":28,"column":16},"end":{"line":28,"column":26}},"loc":{"start":{"line":28,"column":32},"end":{"line":28,"column":null}},"line":28}},"branchMap":{"0":{"loc":{"start":{"line":11,"column":38},"end":{"line":11,"column":null}},"type":"cond-expr","locations":[{"start":{"line":11,"column":49},"end":{"line":11,"column":63}},{"start":{"line":11,"column":63},"end":{"line":11,"column":null}}],"line":11},"1":{"loc":{"start":{"line":20,"column":47},"end":{"line":20,"column":null}},"type":"cond-expr","locations":[{"start":{"line":20,"column":58},"end":{"line":20,"column":63}},{"start":{"line":20,"column":63},"end":{"line":20,"column":null}}],"line":20},"2":{"loc":{"start":{"line":27,"column":47},"end":{"line":27,"column":null}},"type":"cond-expr","locations":[{"start":{"line":27,"column":58},"end":{"line":27,"column":63}},{"start":{"line":27,"column":63},"end":{"line":27,"column":null}}],"line":27}},"s":{"0":13,"1":13,"2":13,"3":0,"4":0,"5":0,"6":0,"7":0},"f":{"0":13,"1":0,"2":0,"3":0},"b":{"0":[0,13],"1":[0,13],"2":[0,13]},"meta":{"lastBranch":3,"lastFunction":4,"lastStatement":8,"seen":{"f:6:9:6:22":0,"s:7:10:7:34":0,"s:8:21:8:60":1,"s:10:4:31:Infinity":2,"b:11:49:11:63:11:63:11:Infinity":0,"f:16:16:16:31":1,"s:16:31:16:Infinity":3,"b:20:58:20:63:20:63:20:Infinity":1,"f:21:16:21:26":2,"s:21:34:21:54":4,"s:21:54:21:Infinity":5,"b:27:58:27:63:27:63:27:Infinity":2,"f:28:16:28:26":3,"s:28:34:28:54":6,"s:28:54:28:Infinity":7}}}
,"C:\\Users\\fire1\\OneDrive\\Skrivbord\\JSutv\\Kurser\\CI_CD_Deployment\\Strajk-Bowling\\src\\components\\shoes\\Shoes.scss": {"path":"C:\\Users\\fire1\\OneDrive\\Skrivbord\\JSutv\\Kurser\\CI_CD_Deployment\\Strajk-Bowling\\src\\components\\shoes\\Shoes.scss","statementMap":{},"fnMap":{},"branchMap":{},"s":{},"f":{},"b":{},"meta":{"lastBranch":0,"lastFunction":0,"lastStatement":0,"seen":{}}}
,"C:\\Users\\fire1\\OneDrive\\Skrivbord\\JSutv\\Kurser\\CI_CD_Deployment\\Strajk-Bowling\\src\\components\\shoes\\Shoes.tsx": {"path":"C:\\Users\\fire1\\OneDrive\\Skrivbord\\JSutv\\Kurser\\CI_CD_Deployment\\Strajk-Bowling\\src\\components\\shoes\\Shoes.tsx","statementMap":{"0":{"start":{"line":18,"column":4},"end":{"line":48,"column":null}},"1":{"start":{"line":24,"column":16},"end":{"line":40,"column":null}},"2":{"start":{"line":36,"column":39},"end":{"line":36,"column":58}},"3":{"start":{"line":45,"column":31},"end":{"line":45,"column":48}}},"fnMap":{"0":{"name":"Shoes","decl":{"start":{"line":17,"column":9},"end":{"line":17,"column":15}},"loc":{"start":{"line":17,"column":71},"end":{"line":48,"column":null}},"line":17},"1":{"name":"(anonymous_1)","decl":{"start":{"line":23,"column":19},"end":{"line":23,"column":24}},"loc":{"start":{"line":24,"column":16},"end":{"line":40,"column":null}},"line":24},"2":{"name":"(anonymous_2)","decl":{"start":{"line":36,"column":24},"end":{"line":36,"column":39}},"loc":{"start":{"line":36,"column":39},"end":{"line":36,"column":58}},"line":36},"3":{"name":"(anonymous_3)","decl":{"start":{"line":45,"column":16},"end":{"line":45,"column":31}},"loc":{"start":{"line":45,"column":31},"end":{"line":45,"column":48}},"line":45}},"branchMap":{},"s":{"0":12,"1":2,"2":0,"3":1},"f":{"0":12,"1":2,"2":0,"3":1},"b":{},"meta":{"lastBranch":0,"lastFunction":4,"lastStatement":4,"seen":{"f:17:9:17:15":0,"s:18:4:48:Infinity":0,"f:23:19:23:24":1,"s:24:16:40:Infinity":1,"f:36:24:36:39":2,"s:36:39:36:58":2,"f:45:16:45:31":3,"s:45:31:45:48":3}}}
,"C:\\Users\\fire1\\OneDrive\\Skrivbord\\JSutv\\Kurser\\CI_CD_Deployment\\Strajk-Bowling\\src\\components\\top\\Top.scss": {"path":"C:\\Users\\fire1\\OneDrive\\Skrivbord\\JSutv\\Kurser\\CI_CD_Deployment\\Strajk-Bowling\\src\\components\\top\\Top.scss","statementMap":{},"fnMap":{},"branchMap":{},"s":{},"f":{},"b":{},"meta":{"lastBranch":0,"lastFunction":0,"lastStatement":0,"seen":{}}}
,"C:\\Users\\fire1\\OneDrive\\Skrivbord\\JSutv\\Kurser\\CI_CD_Deployment\\Strajk-Bowling\\src\\components\\top\\Top.tsx": {"path":"C:\\Users\\fire1\\OneDrive\\Skrivbord\\JSutv\\Kurser\\CI_CD_Deployment\\Strajk-Bowling\\src\\components\\top\\Top.tsx","statementMap":{"0":{"start":{"line":9,"column":4},"end":{"line":12,"column":null}}},"fnMap":{"0":{"name":"Top","decl":{"start":{"line":8,"column":9},"end":{"line":8,"column":13}},"loc":{"start":{"line":8,"column":34},"end":{"line":12,"column":null}},"line":8}},"branchMap":{},"s":{"0":13},"f":{"0":13},"b":{},"meta":{"lastBranch":0,"lastFunction":1,"lastStatement":1,"seen":{"f:8:9:8:13":0,"s:9:4:12:Infinity":0}}}
,"C:\\Users\\fire1\\OneDrive\\Skrivbord\\JSutv\\Kurser\\CI_CD_Deployment\\Strajk-Bowling\\src\\mocks\\handler.ts": {"path":"C:\\Users\\fire1\\OneDrive\\Skrivbord\\JSutv\\Kurser\\CI_CD_Deployment\\Strajk-Bowling\\src\\mocks\\handler.ts","statementMap":{"0":{"start":{"line":3,"column":24},"end":{"line":13,"column":null}},"1":{"start":{"line":5,"column":8},"end":{"line":12,"column":null}}},"fnMap":{"0":{"name":"(anonymous_0)","decl":{"start":{"line":4,"column":14},"end":{"line":4,"column":87}},"loc":{"start":{"line":4,"column":87},"end":{"line":13,"column":null}},"line":4}},"branchMap":{},"s":{"0":1,"1":1},"f":{"0":1},"b":{},"meta":{"lastBranch":0,"lastFunction":1,"lastStatement":2,"seen":{"s:3:24:13:Infinity":0,"f:4:14:4:87":0,"s:5:8:12:Infinity":1}}}
,"C:\\Users\\fire1\\OneDrive\\Skrivbord\\JSutv\\Kurser\\CI_CD_Deployment\\Strajk-Bowling\\src\\mocks\\server.ts": {"path":"C:\\Users\\fire1\\OneDrive\\Skrivbord\\JSutv\\Kurser\\CI_CD_Deployment\\Strajk-Bowling\\src\\mocks\\server.ts","statementMap":{"0":{"start":{"line":4,"column":13},"end":{"line":4,"column":46}}},"fnMap":{},"branchMap":{},"s":{"0":1},"f":{},"b":{},"meta":{"lastBranch":0,"lastFunction":0,"lastStatement":1,"seen":{"s:4:13:4:46":0}}}
,"C:\\Users\\fire1\\OneDrive\\Skrivbord\\JSutv\\Kurser\\CI_CD_Deployment\\Strajk-Bowling\\src\\views\\booking\\Booking.scss": {"path":"C:\\Users\\fire1\\OneDrive\\Skrivbord\\JSutv\\Kurser\\CI_CD_Deployment\\Strajk-Bowling\\src\\views\\booking\\Booking.scss","statementMap":{},"fnMap":{},"branchMap":{},"s":{},"f":{},"b":{},"meta":{"lastBranch":0,"lastFunction":0,"lastStatement":0,"seen":{}}}
,"C:\\Users\\fire1\\OneDrive\\Skrivbord\\JSutv\\Kurser\\CI_CD_Deployment\\Strajk-Bowling\\src\\views\\booking\\Booking.tsx": {"path":"C:\\Users\\fire1\\OneDrive\\Skrivbord\\JSutv\\Kurser\\CI_CD_Deployment\\Strajk-Bowling\\src\\views\\booking\\Booking.tsx","statementMap":{"0":{"start":{"line":31,"column":20},"end":{"line":36,"column":6}},"1":{"start":{"line":37,"column":18},"end":{"line":37,"column":50}},"2":{"start":{"line":38,"column":18},"end":{"line":38,"column":50}},"3":{"start":{"line":39,"column":10},"end":{"line":39,"column":34}},"4":{"start":{"line":42,"column":32},"end":{"line":42,"column":null}},"5":{"start":{"line":43,"column":8},"end":{"line":43,"column":null}},"6":{"start":{"line":45,"column":8},"end":{"line":48,"column":null}},"7":{"start":{"line":45,"column":35},"end":{"line":48,"column":11}},"8":{"start":{"line":52,"column":32},"end":{"line":52,"column":null}},"9":{"start":{"line":53,"column":8},"end":{"line":53,"column":null}},"10":{"start":{"line":55,"column":8},"end":{"line":60,"column":null}},"11":{"start":{"line":56,"column":12},"end":{"line":60,"column":null}},"12":{"start":{"line":57,"column":16},"end":{"line":58,"column":null}},"13":{"start":{"line":58,"column":16},"end":{"line":58,"column":null}},"14":{"start":{"line":65,"column":8},"end":{"line":65,"column":null}},"15":{"start":{"line":66,"column":8},"end":{"line":66,"column":null}},"16":{"start":{"line":70,"column":8},"end":{"line":70,"column":null}},"17":{"start":{"line":71,"column":8},"end":{"line":71,"column":null}},"18":{"start":{"line":71,"column":40},"end":{"line":71,"column":55}},"19":{"start":{"line":75,"column":8},"end":{"line":75,"column":null}},"20":{"start":{"line":75,"column":37},"end":{"line":75,"column":58}},"21":{"start":{"line":79,"column":37},"end":{"line":79,"column":null}},"22":{"start":{"line":80,"column":34},"end":{"line":80,"column":null}},"23":{"start":{"line":81,"column":8},"end":{"line":81,"column":null}},"24":{"start":{"line":85,"column":25},"end":{"line":93,"column":null}},"25":{"start":{"line":96,"column":8},"end":{"line":97,"column":null}},"26":{"start":{"line":97,"column":12},"end":{"line":97,"column":null}},"27":{"start":{"line":100,"column":8},"end":{"line":100,"column":null}},"28":{"start":{"line":104,"column":27},"end":{"line":104,"column":null}},"29":{"start":{"line":106,"column":8},"end":{"line":113,"column":null}},"30":{"start":{"line":107,"column":12},"end":{"line":107,"column":null}},"31":{"start":{"line":108,"column":19},"end":{"line":113,"column":null}},"32":{"start":{"line":109,"column":12},"end":{"line":109,"column":null}},"33":{"start":{"line":110,"column":19},"end":{"line":113,"column":null}},"34":{"start":{"line":111,"column":12},"end":{"line":111,"column":null}},"35":{"start":{"line":112,"column":19},"end":{"line":113,"column":null}},"36":{"start":{"line":113,"column":12},"end":{"line":113,"column":null}},"37":{"start":{"line":116,"column":8},"end":{"line":118,"column":null}},"38":{"start":{"line":117,"column":12},"end":{"line":117,"column":null}},"39":{"start":{"line":118,"column":12},"end":{"line":118,"column":null}},"40":{"start":{"line":121,"column":28},"end":{"line":126,"column":null}},"41":{"start":{"line":125,"column":39},"end":{"line":125,"column":null}},"42":{"start":{"line":128,"column":8},"end":{"line":136,"column":null}},"43":{"start":{"line":129,"column":33},"end":{"line":129,"column":63}},"44":{"start":{"line":130,"column":12},"end":{"line":130,"column":null}},"45":{"start":{"line":132,"column":12},"end":{"line":134,"column":null}},"46":{"start":{"line":136,"column":12},"end":{"line":136,"column":null}},"47":{"start":{"line":140,"column":4},"end":{"line":154,"column":null}}},"fnMap":{"0":{"name":"Booking","decl":{"start":{"line":30,"column":9},"end":{"line":30,"column":19}},"loc":{"start":{"line":30,"column":19},"end":{"line":154,"column":null}},"line":30},"1":{"name":"updateBookingDetails","decl":{"start":{"line":41,"column":13},"end":{"line":41,"column":34}},"loc":{"start":{"line":41,"column":72},"end":{"line":48,"column":null}},"line":41},"2":{"name":"(anonymous_2)","decl":{"start":{"line":45,"column":8},"end":{"line":45,"column":20}},"loc":{"start":{"line":45,"column":35},"end":{"line":48,"column":11}},"line":45},"3":{"name":"updateSize","decl":{"start":{"line":51,"column":13},"end":{"line":51,"column":24}},"loc":{"start":{"line":51,"column":62},"end":{"line":60,"column":null}},"line":51},"4":{"name":"(anonymous_4)","decl":{"start":{"line":56,"column":12},"end":{"line":56,"column":22}},"loc":{"start":{"line":57,"column":16},"end":{"line":58,"column":null}},"line":57},"5":{"name":"(anonymous_5)","decl":{"start":{"line":57,"column":26},"end":{"line":57,"column":31}},"loc":{"start":{"line":58,"column":16},"end":{"line":58,"column":null}},"line":58},"6":{"name":"addShoe","decl":{"start":{"line":64,"column":13},"end":{"line":64,"column":21}},"loc":{"start":{"line":64,"column":33},"end":{"line":66,"column":null}},"line":64},"7":{"name":"removeShoe","decl":{"start":{"line":69,"column":13},"end":{"line":69,"column":24}},"loc":{"start":{"line":69,"column":36},"end":{"line":71,"column":null}},"line":69},"8":{"name":"(anonymous_8)","decl":{"start":{"line":71,"column":23},"end":{"line":71,"column":31}},"loc":{"start":{"line":71,"column":40},"end":{"line":71,"column":55}},"line":71},"9":{"name":"isShoeSizesFilled","decl":{"start":{"line":74,"column":13},"end":{"line":74,"column":42}},"loc":{"start":{"line":74,"column":42},"end":{"line":75,"column":null}},"line":74},"10":{"name":"(anonymous_10)","decl":{"start":{"line":75,"column":21},"end":{"line":75,"column":28}},"loc":{"start":{"line":75,"column":37},"end":{"line":75,"column":58}},"line":75},"11":{"name":"checkPlayersAndLanes","decl":{"start":{"line":78,"column":13},"end":{"line":78,"column":45}},"loc":{"start":{"line":78,"column":45},"end":{"line":81,"column":null}},"line":78},"12":{"name":"sendBooking","decl":{"start":{"line":84,"column":19},"end":{"line":84,"column":31}},"loc":{"start":{"line":84,"column":60},"end":{"line":100,"column":null}},"line":84},"13":{"name":"book","decl":{"start":{"line":103,"column":19},"end":{"line":103,"column":26}},"loc":{"start":{"line":103,"column":26},"end":{"line":136,"column":null}},"line":103},"14":{"name":"(anonymous_14)","decl":{"start":{"line":125,"column":25},"end":{"line":125,"column":30}},"loc":{"start":{"line":125,"column":39},"end":{"line":125,"column":null}},"line":125}},"branchMap":{"0":{"loc":{"start":{"line":55,"column":8},"end":{"line":60,"column":null}},"type":"if","locations":[{"start":{"line":55,"column":8},"end":{"line":60,"column":null}},{"start":{},"end":{}}],"line":55},"1":{"loc":{"start":{"line":55,"column":12},"end":{"line":55,"column":54}},"type":"binary-expr","locations":[{"start":{"line":55,"column":12},"end":{"line":55,"column":34}},{"start":{"line":55,"column":34},"end":{"line":55,"column":54}}],"line":55},"2":{"loc":{"start":{"line":58,"column":16},"end":{"line":58,"column":null}},"type":"cond-expr","locations":[{"start":{"line":58,"column":35},"end":{"line":58,"column":62}},{"start":{"line":58,"column":62},"end":{"line":58,"column":null}}],"line":58},"3":{"loc":{"start":{"line":96,"column":8},"end":{"line":97,"column":null}},"type":"if","locations":[{"start":{"line":96,"column":8},"end":{"line":97,"column":null}},{"start":{},"end":{}}],"line":96},"4":{"loc":{"start":{"line":106,"column":8},"end":{"line":113,"column":null}},"type":"if","locations":[{"start":{"line":106,"column":8},"end":{"line":113,"column":null}},{"start":{"line":108,"column":19},"end":{"line":113,"column":null}}],"line":106},"5":{"loc":{"start":{"line":106,"column":12},"end":{"line":106,"column":87}},"type":"binary-expr","locations":[{"start":{"line":106,"column":12},"end":{"line":106,"column":29}},{"start":{"line":106,"column":29},"end":{"line":106,"column":50}},{"start":{"line":106,"column":50},"end":{"line":106,"column":67}},{"start":{"line":106,"column":67},"end":{"line":106,"column":87}}],"line":106},"6":{"loc":{"start":{"line":108,"column":19},"end":{"line":113,"column":null}},"type":"if","locations":[{"start":{"line":108,"column":19},"end":{"line":113,"column":null}},{"start":{"line":110,"column":19},"end":{"line":113,"column":null}}],"line":108},"7":{"loc":{"start":{"line":110,"column":19},"end":{"line":113,"column":null}},"type":"if","locations":[{"start":{"line":110,"column":19},"end":{"line":113,"column":null}},{"start":{"line":112,"column":19},"end":{"line":113,"column":null}}],"line":110},"8":{"loc":{"start":{"line":112,"column":19},"end":{"line":113,"column":null}},"type":"if","locations":[{"start":{"line":112,"column":19},"end":{"line":113,"column":null}},{"start":{},"end":{}}],"line":112},"9":{"loc":{"start":{"line":116,"column":8},"end":{"line":118,"column":null}},"type":"if","locations":[{"start":{"line":116,"column":8},"end":{"line":118,"column":null}},{"start":{},"end":{}}],"line":116},"10":{"loc":{"start":{"line":154,"column":13},"end":{"line":154,"column":null}},"type":"cond-expr","locations":[{"start":{"line":154,"column":21},"end":{"line":154,"column":null}},{"start":{"line":154,"column":56},"end":{"line":154,"column":null}}],"line":154}},"s":{"0":12,"1":12,"2":12,"3":12,"4":6,"5":6,"6":6,"7":6,"8":1,"9":1,"10":1,"11":1,"12":1,"13":1,"14":1,"15":1,"16":0,"17":0,"18":0,"19":1,"20":1,"21":1,"22":1,"23":1,"24":1,"25":1,"26":0,"27":1,"28":2,"29":2,"30":1,"31":1,"32":0,"33":1,"34":0,"35":1,"36":0,"37":2,"38":1,"39":1,"40":1,"41":1,"42":1,"43":1,"44":1,"45":1,"46":0,"47":12},"f":{"0":12,"1":6,"2":6,"3":1,"4":1,"5":1,"6":1,"7":0,"8":0,"9":1,"10":1,"11":1,"12":1,"13":2,"14":1},"b":{"0":[1,0],"1":[1,0],"2":[1,0],"3":[0,1],"4":[1,1],"5":[2,1,1,1],"6":[0,1],"7":[0,1],"8":[0,1],"9":[1,1],"10":[1,11]},"meta":{"lastBranch":11,"lastFunction":15,"lastStatement":48,"seen":{"f:30:9:30:19":0,"s:31:20:36:6":0,"s:37:18:37:50":1,"s:38:18:38:50":2,"s:39:10:39:34":3,"f:41:13:41:34":1,"s:42:32:42:Infinity":4,"s:43:8:43:Infinity":5,"s:45:8:48:Infinity":6,"f:45:8:45:20":2,"s:45:35:48:11":7,"f:51:13:51:24":3,"s:52:32:52:Infinity":8,"s:53:8:53:Infinity":9,"b:55:8:60:Infinity:undefined:undefined:undefined:undefined":0,"s:55:8:60:Infinity":10,"b:55:12:55:34:55:34:55:54":1,"s:56:12:60:Infinity":11,"f:56:12:56:22":4,"s:57:16:58:Infinity":12,"f:57:26:57:31":5,"s:58:16:58:Infinity":13,"b:58:35:58:62:58:62:58:Infinity":2,"f:64:13:64:21":6,"s:65:8:65:Infinity":14,"s:66:8:66:Infinity":15,"f:69:13:69:24":7,"s:70:8:70:Infinity":16,"s:71:8:71:Infinity":17,"f:71:23:71:31":8,"s:71:40:71:55":18,"f:74:13:74:42":9,"s:75:8:75:Infinity":19,"f:75:21:75:28":10,"s:75:37:75:58":20,"f:78:13:78:45":11,"s:79:37:79:Infinity":21,"s:80:34:80:Infinity":22,"s:81:8:81:Infinity":23,"f:84:19:84:31":12,"s:85:25:93:Infinity":24,"b:96:8:97:Infinity:undefined:undefined:undefined:undefined":3,"s:96:8:97:Infinity":25,"s:97:12:97:Infinity":26,"s:100:8:100:Infinity":27,"f:103:19:103:26":13,"s:104:27:104:Infinity":28,"b:106:8:113:Infinity:108:19:113:Infinity":4,"s:106:8:113:Infinity":29,"b:106:12:106:29:106:29:106:50:106:50:106:67:106:67:106:87":5,"s:107:12:107:Infinity":30,"b:108:19:113:Infinity:110:19:113:Infinity":6,"s:108:19:113:Infinity":31,"s:109:12:109:Infinity":32,"b:110:19:113:Infinity:112:19:113:Infinity":7,"s:110:19:113:Infinity":33,"s:111:12:111:Infinity":34,"b:112:19:113:Infinity:undefined:undefined:undefined:undefined":8,"s:112:19:113:Infinity":35,"s:113:12:113:Infinity":36,"b:116:8:118:Infinity:undefined:undefined:undefined:undefined":9,"s:116:8:118:Infinity":37,"s:117:12:117:Infinity":38,"s:118:12:118:Infinity":39,"s:121:28:126:Infinity":40,"f:125:25:125:30":14,"s:125:39:125:Infinity":41,"s:128:8:136:Infinity":42,"s:129:33:129:63":43,"s:130:12:130:Infinity":44,"s:132:12:134:Infinity":45,"s:136:12:136:Infinity":46,"s:140:4:154:Infinity":47,"b:154:21:154:Infinity:154:56:154:Infinity":10}}}
,"C:\\Users\\fire1\\OneDrive\\Skrivbord\\JSutv\\Kurser\\CI_CD_Deployment\\Strajk-Bowling\\src\\views\\confirmation\\Confirmation.scss": {"path":"C:\\Users\\fire1\\OneDrive\\Skrivbord\\JSutv\\Kurser\\CI_CD_Deployment\\Strajk-Bowling\\src\\views\\confirmation\\Confirmation.scss","statementMap":{},"fnMap":{},"branchMap":{},"s":{},"f":{},"b":{},"meta":{"lastBranch":0,"lastFunction":0,"lastStatement":0,"seen":{}}}
,"C:\\Users\\fire1\\OneDrive\\Skrivbord\\JSutv\\Kurser\\CI_CD_Deployment\\Strajk-Bowling\\src\\views\\confirmation\\Confirmation.tsx": {"path":"C:\\Users\\fire1\\OneDrive\\Skrivbord\\JSutv\\Kurser\\CI_CD_Deployment\\Strajk-Bowling\\src\\views\\confirmation\\Confirmation.tsx","statementMap":{"0":{"start":{"line":21,"column":10},"end":{"line":21,"column":34}},"1":{"start":{"line":22,"column":18},"end":{"line":22,"column":null}},"2":{"start":{"line":24,"column":30},"end":{"line":24,"column":68}},"3":{"start":{"line":26,"column":57},"end":{"line":26,"column":null}},"4":{"start":{"line":27,"column":4},"end":{"line":31,"column":null}},"5":{"start":{"line":28,"column":8},"end":{"line":31,"column":null}},"6":{"start":{"line":29,"column":12},"end":{"line":29,"column":null}},"7":{"start":{"line":31,"column":12},"end":{"line":31,"column":null}},"8":{"start":{"line":35,"column":49},"end":{"line":35,"column":null}},"9":{"start":{"line":37,"column":10},"end":{"line":37,"column":null}},"10":{"start":{"line":39,"column":4},"end":{"line":93,"column":null}},"11":{"start":{"line":45,"column":73},"end":{"line":45,"column":91}}},"fnMap":{"0":{"name":"Confirmation","decl":{"start":{"line":20,"column":9},"end":{"line":20,"column":24}},"loc":{"start":{"line":20,"column":24},"end":{"line":93,"column":null}},"line":20},"1":{"name":"(anonymous_1)","decl":{"start":{"line":37,"column":10},"end":{"line":37,"column":23}},"loc":{"start":{"line":37,"column":23},"end":{"line":37,"column":null}},"line":37},"2":{"name":"(anonymous_2)","decl":{"start":{"line":45,"column":56},"end":{"line":45,"column":67}},"loc":{"start":{"line":45,"column":73},"end":{"line":45,"column":91}},"line":45}},"branchMap":{"0":{"loc":{"start":{"line":27,"column":4},"end":{"line":31,"column":null}},"type":"if","locations":[{"start":{"line":27,"column":4},"end":{"line":31,"column":null}},{"start":{},"end":{}}],"line":27},"1":{"loc":{"start":{"line":27,"column":8},"end":{"line":27,"column":64}},"type":"binary-expr","locations":[{"start":{"line":27,"column":8},"end":{"line":27,"column":29}},{"start":{"line":27,"column":29},"end":{"line":27,"column":64}}],"line":27},"2":{"loc":{"start":{"line":35,"column":49},"end":{"line":35,"column":null}},"type":"binary-expr","locations":[{"start":{"line":35,"column":49},"end":{"line":35,"column":79}},{"start":{"line":35,"column":79},"end":{"line":35,"column":null}}],"line":35},"3":{"loc":{"start":{"line":44,"column":13},"end":{"line":93,"column":null}},"type":"cond-expr","locations":[{"start":{"line":45,"column":16},"end":{"line":93,"column":17}},{"start":{"line":93,"column":16},"end":{"line":93,"column":null}}],"line":44}},"s":{"0":1,"1":1,"2":1,"3":1,"4":1,"5":0,"6":0,"7":0,"8":1,"9":1,"10":1,"11":0},"f":{"0":1,"1":0,"2":0},"b":{"0":[0,1],"1":[1,1],"2":[1,1],"3":[0,1]},"meta":{"lastBranch":4,"lastFunction":3,"lastStatement":12,"seen":{"f:20:9:20:24":0,"s:21:10:21:34":0,"s:22:18:22:Infinity":1,"s:24:30:24:68":2,"s:26:57:26:Infinity":3,"b:27:4:31:Infinity:undefined:undefined:undefined:undefined":0,"s:27:4:31:Infinity":4,"b:27:8:27:29:27:29:27:64":1,"s:28:8:31:Infinity":5,"s:29:12:29:Infinity":6,"s:31:12:31:Infinity":7,"s:35:49:35:Infinity":8,"b:35:49:35:79:35:79:35:Infinity":2,"s:37:10:37:Infinity":9,"f:37:10:37:23":1,"s:39:4:93:Infinity":10,"b:45:16:93:17:93:16:93:Infinity":3,"f:45:56:45:67":2,"s:45:73:45:91":11}}}
}
