{"C:\\Users\\fire1\\OneDrive\\Skrivbord\\JSutv\\Kurser\\CI_CD_Deployment\\Strajk-Bowling\\src\\assets\\navicon.svg": {"path":"C:\\Users\\fire1\\OneDrive\\Skrivbord\\JSutv\\Kurser\\CI_CD_Deployment\\Strajk-Bowling\\src\\assets\\navicon.svg","statementMap":{},"fnMap":{},"branchMap":{},"s":{},"f":{},"b":{},"meta":{"lastBranch":0,"lastFunction":0,"lastStatement":0,"seen":{}}}
,"C:\\Users\\fire1\\OneDrive\\Skrivbord\\JSutv\\Kurser\\CI_CD_Deployment\\Strajk-Bowling\\src\\assets\\strajk-logo.svg": {"path":"C:\\Users\\fire1\\OneDrive\\Skrivbord\\JSutv\\Kurser\\CI_CD_Deployment\\Strajk-Bowling\\src\\assets\\strajk-logo.svg","statementMap":{},"fnMap":{},"branchMap":{},"s":{},"f":{},"b":{},"meta":{"lastBranch":0,"lastFunction":0,"lastStatement":0,"seen":{}}}
,"C:\\Users\\fire1\\OneDrive\\Skrivbord\\JSutv\\Kurser\\CI_CD_Deployment\\Strajk-Bowling\\src\\components\\bookingInfo\\BookingInfo.scss": {"path":"C:\\Users\\fire1\\OneDrive\\Skrivbord\\JSutv\\Kurser\\CI_CD_Deployment\\Strajk-Bowling\\src\\components\\bookingInfo\\BookingInfo.scss","statementMap":{},"fnMap":{},"branchMap":{},"s":{},"f":{},"b":{},"meta":{"lastBranch":0,"lastFunction":0,"lastStatement":0,"seen":{}}}
,"C:\\Users\\fire1\\OneDrive\\Skrivbord\\JSutv\\Kurser\\CI_CD_Deployment\\Strajk-Bowling\\src\\components\\bookingInfo\\BookingInfo.tsx": {"path":"C:\\Users\\fire1\\OneDrive\\Skrivbord\\JSutv\\Kurser\\CI_CD_Deployment\\Strajk-Bowling\\src\\components\\bookingInfo\\BookingInfo.tsx","statementMap":{"0":{"start":{"line":9,"column":4},"end":{"line":46,"column":null}}},"fnMap":{"0":{"name":"BookingInfo","decl":{"start":{"line":8,"column":9},"end":{"line":8,"column":21}},"loc":{"start":{"line":8,"column":65},"end":{"line":46,"column":null}},"line":8}},"branchMap":{},"s":{"0":69},"f":{"0":69},"b":{},"meta":{"lastBranch":0,"lastFunction":1,"lastStatement":1,"seen":{"f:8:9:8:21":0,"s:9:4:46:Infinity":0}}}
,"C:\\Users\\fire1\\OneDrive\\Skrivbord\\JSutv\\Kurser\\CI_CD_Deployment\\Strajk-Bowling\\src\\components\\error\\ErrorMessage.scss": {"path":"C:\\Users\\fire1\\OneDrive\\Skrivbord\\JSutv\\Kurser\\CI_CD_Deployment\\Strajk-Bowling\\src\\components\\error\\ErrorMessage.scss","statementMap":{},"fnMap":{},"branchMap":{},"s":{},"f":{},"b":{},"meta":{"lastBranch":0,"lastFunction":0,"lastStatement":0,"seen":{}}}
,"C:\\Users\\fire1\\OneDrive\\Skrivbord\\JSutv\\Kurser\\CI_CD_Deployment\\Strajk-Bowling\\src\\components\\error\\ErrorMessage.tsx": {"path":"C:\\Users\\fire1\\OneDrive\\Skrivbord\\JSutv\\Kurser\\CI_CD_Deployment\\Strajk-Bowling\\src\\components\\error\\ErrorMessage.tsx","statementMap":{"0":{"start":{"line":8,"column":4},"end":{"line":11,"column":null}}},"fnMap":{"0":{"name":"ErrorMessage","decl":{"start":{"line":7,"column":9},"end":{"line":7,"column":22}},"loc":{"start":{"line":7,"column":54},"end":{"line":11,"column":null}},"line":7}},"branchMap":{},"s":{"0":8},"f":{"0":8},"b":{},"meta":{"lastBranch":0,"lastFunction":1,"lastStatement":1,"seen":{"f:7:9:7:22":0,"s:8:4:11:Infinity":0}}}
,"C:\\Users\\fire1\\OneDrive\\Skrivbord\\JSutv\\Kurser\\CI_CD_Deployment\\Strajk-Bowling\\src\\components\\input\\Input.scss": {"path":"C:\\Users\\fire1\\OneDrive\\Skrivbord\\JSutv\\Kurser\\CI_CD_Deployment\\Strajk-Bowling\\src\\components\\input\\Input.scss","statementMap":{},"fnMap":{},"branchMap":{},"s":{},"f":{},"b":{},"meta":{"lastBranch":0,"lastFunction":0,"lastStatement":0,"seen":{}}}
,"C:\\Users\\fire1\\OneDrive\\Skrivbord\\JSutv\\Kurser\\CI_CD_Deployment\\Strajk-Bowling\\src\\components\\input\\Input.tsx": {"path":"C:\\Users\\fire1\\OneDrive\\Skrivbord\\JSutv\\Kurser\\CI_CD_Deployment\\Strajk-Bowling\\src\\components\\input\\Input.tsx","statementMap":{"0":{"start":{"line":25,"column":20},"end":{"line":25,"column":null}},"1":{"start":{"line":27,"column":4},"end":{"line":41,"column":null}}},"fnMap":{"0":{"name":"Input","decl":{"start":{"line":15,"column":9},"end":{"line":15,"column":15}},"loc":{"start":{"line":24,"column":15},"end":{"line":41,"column":null}},"line":24}},"branchMap":{"0":{"loc":{"start":{"line":35,"column":43},"end":{"line":35,"column":null}},"type":"cond-expr","locations":[{"start":{"line":35,"column":57},"end":{"line":35,"column":71}},{"start":{"line":35,"column":71},"end":{"line":35,"column":null}}],"line":35},"1":{"loc":{"start":{"line":38,"column":30},"end":{"line":38,"column":null}},"type":"cond-expr","locations":[{"start":{"line":38,"column":45},"end":{"line":38,"column":60}},{"start":{"line":38,"column":60},"end":{"line":38,"column":null}}],"line":38}},"s":{"0":374,"1":374},"f":{"0":374},"b":{"0":[305,69],"1":[35,339]},"meta":{"lastBranch":2,"lastFunction":1,"lastStatement":2,"seen":{"f:15:9:15:15":0,"s:25:20:25:Infinity":0,"s:27:4:41:Infinity":1,"b:35:57:35:71:35:71:35:Infinity":0,"b:38:45:38:60:38:60:38:Infinity":1}}}
,"C:\\Users\\fire1\\OneDrive\\Skrivbord\\JSutv\\Kurser\\CI_CD_Deployment\\Strajk-Bowling\\src\\components\\navigation\\Navigation.scss": {"path":"C:\\Users\\fire1\\OneDrive\\Skrivbord\\JSutv\\Kurser\\CI_CD_Deployment\\Strajk-Bowling\\src\\components\\navigation\\Navigation.scss","statementMap":{},"fnMap":{},"branchMap":{},"s":{},"f":{},"b":{},"meta":{"lastBranch":0,"lastFunction":0,"lastStatement":0,"seen":{}}}
,"C:\\Users\\fire1\\OneDrive\\Skrivbord\\JSutv\\Kurser\\CI_CD_Deployment\\Strajk-Bowling\\src\\components\\navigation\\Navigation.tsx": {"path":"C:\\Users\\fire1\\OneDrive\\Skrivbord\\JSutv\\Kurser\\CI_CD_Deployment\\Strajk-Bowling\\src\\components\\navigation\\Navigation.tsx","statementMap":{"0":{"start":{"line":7,"column":10},"end":{"line":7,"column":34}},"1":{"start":{"line":8,"column":21},"end":{"line":8,"column":60}},"2":{"start":{"line":10,"column":4},"end":{"line":31,"column":null}},"3":{"start":{"line":16,"column":31},"end":{"line":16,"column":null}},"4":{"start":{"line":21,"column":34},"end":{"line":21,"column":54}},"5":{"start":{"line":21,"column":54},"end":{"line":21,"column":null}},"6":{"start":{"line":28,"column":34},"end":{"line":28,"column":54}},"7":{"start":{"line":28,"column":54},"end":{"line":28,"column":null}}},"fnMap":{"0":{"name":"Navigation","decl":{"start":{"line":6,"column":9},"end":{"line":6,"column":22}},"loc":{"start":{"line":6,"column":22},"end":{"line":31,"column":null}},"line":6},"1":{"name":"(anonymous_1)","decl":{"start":{"line":16,"column":16},"end":{"line":16,"column":31}},"loc":{"start":{"line":16,"column":31},"end":{"line":16,"column":null}},"line":16},"2":{"name":"(anonymous_2)","decl":{"start":{"line":21,"column":16},"end":{"line":21,"column":26}},"loc":{"start":{"line":21,"column":32},"end":{"line":21,"column":null}},"line":21},"3":{"name":"(anonymous_3)","decl":{"start":{"line":28,"column":16},"end":{"line":28,"column":26}},"loc":{"start":{"line":28,"column":32},"end":{"line":28,"column":null}},"line":28}},"branchMap":{"0":{"loc":{"start":{"line":11,"column":38},"end":{"line":11,"column":null}},"type":"cond-expr","locations":[{"start":{"line":11,"column":49},"end":{"line":11,"column":63}},{"start":{"line":11,"column":63},"end":{"line":11,"column":null}}],"line":11},"1":{"loc":{"start":{"line":20,"column":47},"end":{"line":20,"column":null}},"type":"cond-expr","locations":[{"start":{"line":20,"column":58},"end":{"line":20,"column":63}},{"start":{"line":20,"column":63},"end":{"line":20,"column":null}}],"line":20},"2":{"loc":{"start":{"line":27,"column":47},"end":{"line":27,"column":null}},"type":"cond-expr","locations":[{"start":{"line":27,"column":58},"end":{"line":27,"column":63}},{"start":{"line":27,"column":63},"end":{"line":27,"column":null}}],"line":27}},"s":{"0":85,"1":85,"2":85,"3":2,"4":1,"5":1,"6":1,"7":1},"f":{"0":85,"1":2,"2":1,"3":1},"b":{"0":[1,84],"1":[1,84],"2":[1,84]},"meta":{"lastBranch":3,"lastFunction":4,"lastStatement":8,"seen":{"f:6:9:6:22":0,"s:7:10:7:34":0,"s:8:21:8:60":1,"s:10:4:31:Infinity":2,"b:11:49:11:63:11:63:11:Infinity":0,"f:16:16:16:31":1,"s:16:31:16:Infinity":3,"b:20:58:20:63:20:63:20:Infinity":1,"f:21:16:21:26":2,"s:21:34:21:54":4,"s:21:54:21:Infinity":5,"b:27:58:27:63:27:63:27:Infinity":2,"f:28:16:28:26":3,"s:28:34:28:54":6,"s:28:54:28:Infinity":7}}}
,"C:\\Users\\fire1\\OneDrive\\Skrivbord\\JSutv\\Kurser\\CI_CD_Deployment\\Strajk-Bowling\\src\\components\\shoes\\Shoes.scss": {"path":"C:\\Users\\fire1\\OneDrive\\Skrivbord\\JSutv\\Kurser\\CI_CD_Deployment\\Strajk-Bowling\\src\\components\\shoes\\Shoes.scss","statementMap":{},"fnMap":{},"branchMap":{},"s":{},"f":{},"b":{},"meta":{"lastBranch":0,"lastFunction":0,"lastStatement":0,"seen":{}}}
,"C:\\Users\\fire1\\OneDrive\\Skrivbord\\JSutv\\Kurser\\CI_CD_Deployment\\Strajk-Bowling\\src\\components\\shoes\\Shoes.tsx": {"path":"C:\\Users\\fire1\\OneDrive\\Skrivbord\\JSutv\\Kurser\\CI_CD_Deployment\\Strajk-Bowling\\src\\components\\shoes\\Shoes.tsx","statementMap":{"0":{"start":{"line":18,"column":4},"end":{"line":48,"column":null}},"1":{"start":{"line":24,"column":16},"end":{"line":40,"column":null}},"2":{"start":{"line":36,"column":39},"end":{"line":36,"column":58}},"3":{"start":{"line":45,"column":31},"end":{"line":45,"column":48}}},"fnMap":{"0":{"name":"Shoes","decl":{"start":{"line":17,"column":9},"end":{"line":17,"column":15}},"loc":{"start":{"line":17,"column":71},"end":{"line":48,"column":null}},"line":17},"1":{"name":"(anonymous_1)","decl":{"start":{"line":23,"column":19},"end":{"line":23,"column":24}},"loc":{"start":{"line":24,"column":16},"end":{"line":40,"column":null}},"line":24},"2":{"name":"(anonymous_2)","decl":{"start":{"line":36,"column":24},"end":{"line":36,"column":39}},"loc":{"start":{"line":36,"column":39},"end":{"line":36,"column":58}},"line":36},"3":{"name":"(anonymous_3)","decl":{"start":{"line":45,"column":16},"end":{"line":45,"column":31}},"loc":{"start":{"line":45,"column":31},"end":{"line":45,"column":48}},"line":45}},"branchMap":{},"s":{"0":69,"1":62,"2":1,"3":12},"f":{"0":69,"1":62,"2":1,"3":12},"b":{},"meta":{"lastBranch":0,"lastFunction":4,"lastStatement":4,"seen":{"f:17:9:17:15":0,"s:18:4:48:Infinity":0,"f:23:19:23:24":1,"s:24:16:40:Infinity":1,"f:36:24:36:39":2,"s:36:39:36:58":2,"f:45:16:45:31":3,"s:45:31:45:48":3}}}
,"C:\\Users\\fire1\\OneDrive\\Skrivbord\\JSutv\\Kurser\\CI_CD_Deployment\\Strajk-Bowling\\src\\components\\top\\Top.scss": {"path":"C:\\Users\\fire1\\OneDrive\\Skrivbord\\JSutv\\Kurser\\CI_CD_Deployment\\Strajk-Bowling\\src\\components\\top\\Top.scss","statementMap":{},"fnMap":{},"branchMap":{},"s":{},"f":{},"b":{},"meta":{"lastBranch":0,"lastFunction":0,"lastStatement":0,"seen":{}}}
,"C:\\Users\\fire1\\OneDrive\\Skrivbord\\JSutv\\Kurser\\CI_CD_Deployment\\Strajk-Bowling\\src\\components\\top\\Top.tsx": {"path":"C:\\Users\\fire1\\OneDrive\\Skrivbord\\JSutv\\Kurser\\CI_CD_Deployment\\Strajk-Bowling\\src\\components\\top\\Top.tsx","statementMap":{"0":{"start":{"line":9,"column":4},"end":{"line":12,"column":null}}},"fnMap":{"0":{"name":"Top","decl":{"start":{"line":8,"column":9},"end":{"line":8,"column":13}},"loc":{"start":{"line":8,"column":34},"end":{"line":12,"column":null}},"line":8}},"branchMap":{},"s":{"0":82},"f":{"0":82},"b":{},"meta":{"lastBranch":0,"lastFunction":1,"lastStatement":1,"seen":{"f:8:9:8:13":0,"s:9:4:12:Infinity":0}}}
,"C:\\Users\\fire1\\OneDrive\\Skrivbord\\JSutv\\Kurser\\CI_CD_Deployment\\Strajk-Bowling\\src\\mocks\\handler.ts": {"path":"C:\\Users\\fire1\\OneDrive\\Skrivbord\\JSutv\\Kurser\\CI_CD_Deployment\\Strajk-Bowling\\src\\mocks\\handler.ts","statementMap":{"0":{"start":{"line":3,"column":24},"end":{"line":13,"column":null}},"1":{"start":{"line":5,"column":8},"end":{"line":12,"column":null}}},"fnMap":{"0":{"name":"(anonymous_0)","decl":{"start":{"line":4,"column":14},"end":{"line":4,"column":87}},"loc":{"start":{"line":4,"column":87},"end":{"line":13,"column":null}},"line":4}},"branchMap":{},"s":{"0":3,"1":1},"f":{"0":1},"b":{},"meta":{"lastBranch":0,"lastFunction":1,"lastStatement":2,"seen":{"s:3:24:13:Infinity":0,"f:4:14:4:87":0,"s:5:8:12:Infinity":1}}}
,"C:\\Users\\fire1\\OneDrive\\Skrivbord\\JSutv\\Kurser\\CI_CD_Deployment\\Strajk-Bowling\\src\\mocks\\server.ts": {"path":"C:\\Users\\fire1\\OneDrive\\Skrivbord\\JSutv\\Kurser\\CI_CD_Deployment\\Strajk-Bowling\\src\\mocks\\server.ts","statementMap":{"0":{"start":{"line":4,"column":13},"end":{"line":4,"column":46}}},"fnMap":{},"branchMap":{},"s":{"0":3},"f":{},"b":{},"meta":{"lastBranch":0,"lastFunction":0,"lastStatement":1,"seen":{"s:4:13:4:46":0}}}
,"C:\\Users\\fire1\\OneDrive\\Skrivbord\\JSutv\\Kurser\\CI_CD_Deployment\\Strajk-Bowling\\src\\views\\booking\\Booking.scss": {"path":"C:\\Users\\fire1\\OneDrive\\Skrivbord\\JSutv\\Kurser\\CI_CD_Deployment\\Strajk-Bowling\\src\\views\\booking\\Booking.scss","statementMap":{},"fnMap":{},"branchMap":{},"s":{},"f":{},"b":{},"meta":{"lastBranch":0,"lastFunction":0,"lastStatement":0,"seen":{}}}
,"C:\\Users\\fire1\\OneDrive\\Skrivbord\\JSutv\\Kurser\\CI_CD_Deployment\\Strajk-Bowling\\src\\views\\booking\\Booking.tsx": {"path":"C:\\Users\\fire1\\OneDrive\\Skrivbord\\JSutv\\Kurser\\CI_CD_Deployment\\Strajk-Bowling\\src\\views\\booking\\Booking.tsx","statementMap":{"0":{"start":{"line":31,"column":20},"end":{"line":36,"column":6}},"1":{"start":{"line":37,"column":18},"end":{"line":37,"column":50}},"2":{"start":{"line":38,"column":18},"end":{"line":38,"column":50}},"3":{"start":{"line":39,"column":10},"end":{"line":39,"column":34}},"4":{"start":{"line":42,"column":32},"end":{"line":42,"column":null}},"5":{"start":{"line":43,"column":8},"end":{"line":43,"column":null}},"6":{"start":{"line":45,"column":8},"end":{"line":48,"column":null}},"7":{"start":{"line":45,"column":35},"end":{"line":48,"column":11}},"8":{"start":{"line":52,"column":32},"end":{"line":52,"column":null}},"9":{"start":{"line":53,"column":8},"end":{"line":53,"column":null}},"10":{"start":{"line":55,"column":8},"end":{"line":60,"column":null}},"11":{"start":{"line":56,"column":12},"end":{"line":60,"column":null}},"12":{"start":{"line":57,"column":16},"end":{"line":58,"column":null}},"13":{"start":{"line":58,"column":20},"end":{"line":58,"column":null}},"14":{"start":{"line":65,"column":8},"end":{"line":65,"column":null}},"15":{"start":{"line":66,"column":8},"end":{"line":66,"column":null}},"16":{"start":{"line":70,"column":8},"end":{"line":70,"column":null}},"17":{"start":{"line":71,"column":8},"end":{"line":71,"column":null}},"18":{"start":{"line":71,"column":40},"end":{"line":71,"column":55}},"19":{"start":{"line":75,"column":8},"end":{"line":75,"column":null}},"20":{"start":{"line":75,"column":57},"end":{"line":75,"column":85}},"21":{"start":{"line":79,"column":37},"end":{"line":79,"column":null}},"22":{"start":{"line":80,"column":34},"end":{"line":80,"column":null}},"23":{"start":{"line":81,"column":8},"end":{"line":81,"column":null}},"24":{"start":{"line":85,"column":25},"end":{"line":93,"column":null}},"25":{"start":{"line":96,"column":8},"end":{"line":97,"column":null}},"26":{"start":{"line":97,"column":12},"end":{"line":97,"column":null}},"27":{"start":{"line":100,"column":8},"end":{"line":100,"column":null}},"28":{"start":{"line":104,"column":27},"end":{"line":104,"column":null}},"29":{"start":{"line":106,"column":22},"end":{"line":106,"column":32}},"30":{"start":{"line":107,"column":8},"end":{"line":107,"column":null}},"31":{"start":{"line":109,"column":27},"end":{"line":109,"column":49}},"32":{"start":{"line":111,"column":8},"end":{"line":112,"column":null}},"33":{"start":{"line":112,"column":12},"end":{"line":112,"column":null}},"34":{"start":{"line":115,"column":8},"end":{"line":122,"column":null}},"35":{"start":{"line":116,"column":12},"end":{"line":116,"column":null}},"36":{"start":{"line":117,"column":19},"end":{"line":122,"column":null}},"37":{"start":{"line":118,"column":12},"end":{"line":118,"column":null}},"38":{"start":{"line":119,"column":19},"end":{"line":122,"column":null}},"39":{"start":{"line":120,"column":12},"end":{"line":120,"column":null}},"40":{"start":{"line":121,"column":19},"end":{"line":122,"column":null}},"41":{"start":{"line":122,"column":12},"end":{"line":122,"column":null}},"42":{"start":{"line":125,"column":8},"end":{"line":127,"column":null}},"43":{"start":{"line":126,"column":12},"end":{"line":126,"column":null}},"44":{"start":{"line":127,"column":12},"end":{"line":127,"column":null}},"45":{"start":{"line":130,"column":44},"end":{"line":135,"column":null}},"46":{"start":{"line":134,"column":39},"end":{"line":134,"column":null}},"47":{"start":{"line":137,"column":8},"end":{"line":148,"column":null}},"48":{"start":{"line":138,"column":33},"end":{"line":138,"column":63}},"49":{"start":{"line":140,"column":28},"end":{"line":140,"column":null}},"50":{"start":{"line":142,"column":12},"end":{"line":142,"column":null}},"51":{"start":{"line":144,"column":12},"end":{"line":146,"column":null}},"52":{"start":{"line":148,"column":12},"end":{"line":148,"column":null}},"53":{"start":{"line":152,"column":4},"end":{"line":166,"column":null}}},"fnMap":{"0":{"name":"Booking","decl":{"start":{"line":30,"column":9},"end":{"line":30,"column":19}},"loc":{"start":{"line":30,"column":19},"end":{"line":166,"column":null}},"line":30},"1":{"name":"updateBookingDetails","decl":{"start":{"line":41,"column":13},"end":{"line":41,"column":34}},"loc":{"start":{"line":41,"column":72},"end":{"line":48,"column":null}},"line":41},"2":{"name":"(anonymous_2)","decl":{"start":{"line":45,"column":8},"end":{"line":45,"column":20}},"loc":{"start":{"line":45,"column":35},"end":{"line":48,"column":11}},"line":45},"3":{"name":"updateSize","decl":{"start":{"line":51,"column":13},"end":{"line":51,"column":24}},"loc":{"start":{"line":51,"column":62},"end":{"line":60,"column":null}},"line":51},"4":{"name":"(anonymous_4)","decl":{"start":{"line":56,"column":12},"end":{"line":56,"column":22}},"loc":{"start":{"line":57,"column":16},"end":{"line":58,"column":null}},"line":57},"5":{"name":"(anonymous_5)","decl":{"start":{"line":57,"column":26},"end":{"line":57,"column":31}},"loc":{"start":{"line":58,"column":20},"end":{"line":58,"column":null}},"line":58},"6":{"name":"addShoe","decl":{"start":{"line":64,"column":13},"end":{"line":64,"column":21}},"loc":{"start":{"line":64,"column":33},"end":{"line":66,"column":null}},"line":64},"7":{"name":"removeShoe","decl":{"start":{"line":69,"column":13},"end":{"line":69,"column":24}},"loc":{"start":{"line":69,"column":36},"end":{"line":71,"column":null}},"line":69},"8":{"name":"(anonymous_8)","decl":{"start":{"line":71,"column":23},"end":{"line":71,"column":31}},"loc":{"start":{"line":71,"column":40},"end":{"line":71,"column":55}},"line":71},"9":{"name":"isShoeSizesFilled","decl":{"start":{"line":74,"column":13},"end":{"line":74,"column":42}},"loc":{"start":{"line":74,"column":42},"end":{"line":75,"column":null}},"line":74},"10":{"name":"(anonymous_10)","decl":{"start":{"line":75,"column":41},"end":{"line":75,"column":48}},"loc":{"start":{"line":75,"column":57},"end":{"line":75,"column":85}},"line":75},"11":{"name":"checkPlayersAndLanes","decl":{"start":{"line":78,"column":13},"end":{"line":78,"column":45}},"loc":{"start":{"line":78,"column":45},"end":{"line":81,"column":null}},"line":78},"12":{"name":"sendBooking","decl":{"start":{"line":84,"column":19},"end":{"line":84,"column":31}},"loc":{"start":{"line":84,"column":60},"end":{"line":100,"column":null}},"line":84},"13":{"name":"book","decl":{"start":{"line":103,"column":19},"end":{"line":103,"column":26}},"loc":{"start":{"line":103,"column":26},"end":{"line":148,"column":null}},"line":103},"14":{"name":"(anonymous_14)","decl":{"start":{"line":134,"column":25},"end":{"line":134,"column":30}},"loc":{"start":{"line":134,"column":39},"end":{"line":134,"column":null}},"line":134}},"branchMap":{"0":{"loc":{"start":{"line":55,"column":8},"end":{"line":60,"column":null}},"type":"if","locations":[{"start":{"line":55,"column":8},"end":{"line":60,"column":null}},{"start":{},"end":{}}],"line":55},"1":{"loc":{"start":{"line":58,"column":20},"end":{"line":58,"column":null}},"type":"cond-expr","locations":[{"start":{"line":58,"column":39},"end":{"line":58,"column":66}},{"start":{"line":58,"column":66},"end":{"line":58,"column":null}}],"line":58},"2":{"loc":{"start":{"line":75,"column":15},"end":{"line":75,"column":85}},"type":"binary-expr","locations":[{"start":{"line":75,"column":15},"end":{"line":75,"column":35}},{"start":{"line":75,"column":35},"end":{"line":75,"column":85}}],"line":75},"3":{"loc":{"start":{"line":96,"column":8},"end":{"line":97,"column":null}},"type":"if","locations":[{"start":{"line":96,"column":8},"end":{"line":97,"column":null}},{"start":{},"end":{}}],"line":96},"4":{"loc":{"start":{"line":111,"column":8},"end":{"line":112,"column":null}},"type":"if","locations":[{"start":{"line":111,"column":8},"end":{"line":112,"column":null}},{"start":{},"end":{}}],"line":111},"5":{"loc":{"start":{"line":115,"column":8},"end":{"line":122,"column":null}},"type":"if","locations":[{"start":{"line":115,"column":8},"end":{"line":122,"column":null}},{"start":{"line":117,"column":19},"end":{"line":122,"column":null}}],"line":115},"6":{"loc":{"start":{"line":115,"column":12},"end":{"line":115,"column":87}},"type":"binary-expr","locations":[{"start":{"line":115,"column":12},"end":{"line":115,"column":29}},{"start":{"line":115,"column":29},"end":{"line":115,"column":46}},{"start":{"line":115,"column":46},"end":{"line":115,"column":67}},{"start":{"line":115,"column":67},"end":{"line":115,"column":87}}],"line":115},"7":{"loc":{"start":{"line":117,"column":19},"end":{"line":122,"column":null}},"type":"if","locations":[{"start":{"line":117,"column":19},"end":{"line":122,"column":null}},{"start":{"line":119,"column":19},"end":{"line":122,"column":null}}],"line":117},"8":{"loc":{"start":{"line":119,"column":19},"end":{"line":122,"column":null}},"type":"if","locations":[{"start":{"line":119,"column":19},"end":{"line":122,"column":null}},{"start":{"line":121,"column":19},"end":{"line":122,"column":null}}],"line":119},"9":{"loc":{"start":{"line":121,"column":19},"end":{"line":122,"column":null}},"type":"if","locations":[{"start":{"line":121,"column":19},"end":{"line":122,"column":null}},{"start":{},"end":{}}],"line":121},"10":{"loc":{"start":{"line":125,"column":8},"end":{"line":127,"column":null}},"type":"if","locations":[{"start":{"line":125,"column":8},"end":{"line":127,"column":null}},{"start":{},"end":{}}],"line":125},"11":{"loc":{"start":{"line":140,"column":28},"end":{"line":140,"column":null}},"type":"binary-expr","locations":[{"start":{"line":140,"column":28},"end":{"line":140,"column":59}},{"start":{"line":140,"column":59},"end":{"line":140,"column":null}}],"line":140},"12":{"loc":{"start":{"line":166,"column":13},"end":{"line":166,"column":null}},"type":"cond-expr","locations":[{"start":{"line":166,"column":21},"end":{"line":166,"column":null}},{"start":{"line":166,"column":56},"end":{"line":166,"column":null}}],"line":166}},"s":{"0":70,"1":70,"2":70,"3":70,"4":28,"5":28,"6":28,"7":28,"8":11,"9":11,"10":11,"11":10,"12":10,"13":30,"14":12,"15":12,"16":1,"17":1,"18":1,"19":5,"20":9,"21":4,"22":4,"23":4,"24":2,"25":2,"26":1,"27":1,"28":9,"29":9,"30":9,"31":9,"32":9,"33":1,"34":9,"35":2,"36":7,"37":2,"38":5,"39":1,"40":4,"41":1,"42":9,"43":7,"44":7,"45":2,"46":2,"47":2,"48":2,"49":1,"50":9,"51":9,"52":1,"53":70},"f":{"0":70,"1":28,"2":28,"3":11,"4":10,"5":30,"6":12,"7":1,"8":1,"9":5,"10":9,"11":4,"12":2,"13":9,"14":2},"b":{"0":[10,1],"1":[10,20],"2":[5,5],"3":[1,1],"4":[1,8],"5":[2,7],"6":[9,7,7,7],"7":[2,5],"8":[1,4],"9":[1,3],"10":[7,2],"11":[1,1],"12":[8,62]},"meta":{"lastBranch":13,"lastFunction":15,"lastStatement":54,"seen":{"f:30:9:30:19":0,"s:31:20:36:6":0,"s:37:18:37:50":1,"s:38:18:38:50":2,"s:39:10:39:34":3,"f:41:13:41:34":1,"s:42:32:42:Infinity":4,"s:43:8:43:Infinity":5,"s:45:8:48:Infinity":6,"f:45:8:45:20":2,"s:45:35:48:11":7,"f:51:13:51:24":3,"s:52:32:52:Infinity":8,"s:53:8:53:Infinity":9,"b:55:8:60:Infinity:undefined:undefined:undefined:undefined":0,"s:55:8:60:Infinity":10,"s:56:12:60:Infinity":11,"f:56:12:56:22":4,"s:57:16:58:Infinity":12,"f:57:26:57:31":5,"s:58:20:58:Infinity":13,"b:58:39:58:66:58:66:58:Infinity":1,"f:64:13:64:21":6,"s:65:8:65:Infinity":14,"s:66:8:66:Infinity":15,"f:69:13:69:24":7,"s:70:8:70:Infinity":16,"s:71:8:71:Infinity":17,"f:71:23:71:31":8,"s:71:40:71:55":18,"f:74:13:74:42":9,"s:75:8:75:Infinity":19,"b:75:15:75:35:75:35:75:85":2,"f:75:41:75:48":10,"s:75:57:75:85":20,"f:78:13:78:45":11,"s:79:37:79:Infinity":21,"s:80:34:80:Infinity":22,"s:81:8:81:Infinity":23,"f:84:19:84:31":12,"s:85:25:93:Infinity":24,"b:96:8:97:Infinity:undefined:undefined:undefined:undefined":3,"s:96:8:97:Infinity":25,"s:97:12:97:Infinity":26,"s:100:8:100:Infinity":27,"f:103:19:103:26":13,"s:104:27:104:Infinity":28,"s:106:22:106:32":29,"s:107:8:107:Infinity":30,"s:109:27:109:49":31,"b:111:8:112:Infinity:undefined:undefined:undefined:undefined":4,"s:111:8:112:Infinity":32,"s:112:12:112:Infinity":33,"b:115:8:122:Infinity:117:19:122:Infinity":5,"s:115:8:122:Infinity":34,"b:115:12:115:29:115:29:115:46:115:46:115:67:115:67:115:87":6,"s:116:12:116:Infinity":35,"b:117:19:122:Infinity:119:19:122:Infinity":7,"s:117:19:122:Infinity":36,"s:118:12:118:Infinity":37,"b:119:19:122:Infinity:121:19:122:Infinity":8,"s:119:19:122:Infinity":38,"s:120:12:120:Infinity":39,"b:121:19:122:Infinity:undefined:undefined:undefined:undefined":9,"s:121:19:122:Infinity":40,"s:122:12:122:Infinity":41,"b:125:8:127:Infinity:undefined:undefined:undefined:undefined":10,"s:125:8:127:Infinity":42,"s:126:12:126:Infinity":43,"s:127:12:127:Infinity":44,"s:130:44:135:Infinity":45,"f:134:25:134:30":14,"s:134:39:134:Infinity":46,"s:137:8:148:Infinity":47,"s:138:33:138:63":48,"s:140:28:140:Infinity":49,"b:140:28:140:59:140:59:140:Infinity":11,"s:142:12:142:Infinity":50,"s:144:12:146:Infinity":51,"s:148:12:148:Infinity":52,"s:152:4:166:Infinity":53,"b:166:21:166:Infinity:166:56:166:Infinity":12}}}
,"C:\\Users\\fire1\\OneDrive\\Skrivbord\\JSutv\\Kurser\\CI_CD_Deployment\\Strajk-Bowling\\src\\views\\confirmation\\Confirmation.scss": {"path":"C:\\Users\\fire1\\OneDrive\\Skrivbord\\JSutv\\Kurser\\CI_CD_Deployment\\Strajk-Bowling\\src\\views\\confirmation\\Confirmation.scss","statementMap":{},"fnMap":{},"branchMap":{},"s":{},"f":{},"b":{},"meta":{"lastBranch":0,"lastFunction":0,"lastStatement":0,"seen":{}}}
,"C:\\Users\\fire1\\OneDrive\\Skrivbord\\JSutv\\Kurser\\CI_CD_Deployment\\Strajk-Bowling\\src\\views\\confirmation\\Confirmation.tsx": {"path":"C:\\Users\\fire1\\OneDrive\\Skrivbord\\JSutv\\Kurser\\CI_CD_Deployment\\Strajk-Bowling\\src\\views\\confirmation\\Confirmation.tsx","statementMap":{"0":{"start":{"line":22,"column":10},"end":{"line":22,"column":34}},"1":{"start":{"line":23,"column":10},"end":{"line":23,"column":34}},"2":{"start":{"line":24,"column":18},"end":{"line":24,"column":null}},"3":{"start":{"line":26,"column":30},"end":{"line":26,"column":68}},"4":{"start":{"line":28,"column":57},"end":{"line":28,"column":null}},"5":{"start":{"line":29,"column":4},"end":{"line":33,"column":null}},"6":{"start":{"line":30,"column":8},"end":{"line":33,"column":null}},"7":{"start":{"line":31,"column":12},"end":{"line":31,"column":null}},"8":{"start":{"line":33,"column":12},"end":{"line":33,"column":null}},"9":{"start":{"line":37,"column":53},"end":{"line":37,"column":null}},"10":{"start":{"line":39,"column":10},"end":{"line":39,"column":null}},"11":{"start":{"line":41,"column":4},"end":{"line":48,"column":null}},"12":{"start":{"line":42,"column":8},"end":{"line":48,"column":null}},"13":{"start":{"line":48,"column":62},"end":{"line":48,"column":75}},"14":{"start":{"line":54,"column":4},"end":{"line":108,"column":null}},"15":{"start":{"line":59,"column":69},"end":{"line":59,"column":87}},"16":{"start":{"line":105,"column":35},"end":{"line":105,"column":48}}},"fnMap":{"0":{"name":"Confirmation","decl":{"start":{"line":21,"column":9},"end":{"line":21,"column":24}},"loc":{"start":{"line":21,"column":24},"end":{"line":108,"column":null}},"line":21},"1":{"name":"(anonymous_1)","decl":{"start":{"line":39,"column":10},"end":{"line":39,"column":23}},"loc":{"start":{"line":39,"column":23},"end":{"line":39,"column":null}},"line":39},"2":{"name":"(anonymous_2)","decl":{"start":{"line":48,"column":47},"end":{"line":48,"column":62}},"loc":{"start":{"line":48,"column":62},"end":{"line":48,"column":75}},"line":48},"3":{"name":"(anonymous_3)","decl":{"start":{"line":59,"column":52},"end":{"line":59,"column":63}},"loc":{"start":{"line":59,"column":69},"end":{"line":59,"column":87}},"line":59},"4":{"name":"(anonymous_4)","decl":{"start":{"line":105,"column":20},"end":{"line":105,"column":35}},"loc":{"start":{"line":105,"column":35},"end":{"line":105,"column":48}},"line":105}},"branchMap":{"0":{"loc":{"start":{"line":29,"column":4},"end":{"line":33,"column":null}},"type":"if","locations":[{"start":{"line":29,"column":4},"end":{"line":33,"column":null}},{"start":{},"end":{}}],"line":29},"1":{"loc":{"start":{"line":29,"column":8},"end":{"line":29,"column":64}},"type":"binary-expr","locations":[{"start":{"line":29,"column":8},"end":{"line":29,"column":29}},{"start":{"line":29,"column":29},"end":{"line":29,"column":64}}],"line":29},"2":{"loc":{"start":{"line":37,"column":53},"end":{"line":37,"column":null}},"type":"binary-expr","locations":[{"start":{"line":37,"column":53},"end":{"line":37,"column":83}},{"start":{"line":37,"column":83},"end":{"line":37,"column":null}}],"line":37},"3":{"loc":{"start":{"line":41,"column":4},"end":{"line":48,"column":null}},"type":"if","locations":[{"start":{"line":41,"column":4},"end":{"line":48,"column":null}},{"start":{},"end":{}}],"line":41},"4":{"loc":{"start":{"line":41,"column":8},"end":{"line":41,"column":72}},"type":"binary-expr","locations":[{"start":{"line":41,"column":8},"end":{"line":41,"column":26}},{"start":{"line":41,"column":26},"end":{"line":41,"column":46}},{"start":{"line":41,"column":46},"end":{"line":41,"column":72}}],"line":41},"5":{"loc":{"start":{"line":65,"column":34},"end":{"line":65,"column":null}},"type":"binary-expr","locations":[{"start":{"line":65,"column":34},"end":{"line":65,"column":70}},{"start":{"line":65,"column":74},"end":{"line":65,"column":null}}],"line":65},"6":{"loc":{"start":{"line":92,"column":34},"end":{"line":92,"column":null}},"type":"binary-expr","locations":[{"start":{"line":92,"column":34},"end":{"line":92,"column":53}},{"start":{"line":92,"column":53},"end":{"line":92,"column":null}}],"line":92}},"s":{"0":13,"1":13,"2":13,"3":13,"4":13,"5":13,"6":10,"7":10,"8":1,"9":13,"10":13,"11":13,"12":4,"13":1,"14":9,"15":1,"16":2},"f":{"0":13,"1":1,"2":1,"3":1,"4":2},"b":{"0":[10,3],"1":[13,10],"2":[13,12],"3":[4,9],"4":[13,9,3],"5":[9,1],"6":[13,3]},"meta":{"lastBranch":7,"lastFunction":5,"lastStatement":17,"seen":{"f:21:9:21:24":0,"s:22:10:22:34":0,"s:23:10:23:34":1,"s:24:18:24:Infinity":2,"s:26:30:26:68":3,"s:28:57:28:Infinity":4,"b:29:4:33:Infinity:undefined:undefined:undefined:undefined":0,"s:29:4:33:Infinity":5,"b:29:8:29:29:29:29:29:64":1,"s:30:8:33:Infinity":6,"s:31:12:31:Infinity":7,"s:33:12:33:Infinity":8,"s:37:53:37:Infinity":9,"b:37:53:37:83:37:83:37:Infinity":2,"s:39:10:39:Infinity":10,"f:39:10:39:23":1,"b:41:4:48:Infinity:undefined:undefined:undefined:undefined":3,"s:41:4:48:Infinity":11,"b:41:8:41:26:41:26:41:46:41:46:41:72":4,"s:42:8:48:Infinity":12,"f:48:47:48:62":2,"s:48:62:48:75":13,"s:54:4:108:Infinity":14,"f:59:52:59:63":3,"s:59:69:59:87":15,"b:65:34:65:70:65:74:65:Infinity":5,"b:92:34:92:53:92:53:92:Infinity":6,"f:105:20:105:35":4,"s:105:35:105:48":16}}}
}
